<?xml version="1.0" encoding="utf-8"?><testsuites name="pytest tests"><testsuite name="pytest" errors="0" failures="0" skipped="0" tests="15" time="7.540" timestamp="2026-02-28T10:46:26.462464+00:00" hostname="agent-env-555f02c9-d5e6-4936-b4a1-038556da226d"><testcase classname="tests.test_neelam_api.TestPublicAPIs" name="test_get_products_basic" time="0.292" /><testcase classname="tests.test_neelam_api.TestPublicAPIs" name="test_get_products_enhanced" time="0.252" /><testcase classname="tests.test_neelam_api.TestPublicAPIs" name="test_get_products_with_category_filter" time="0.278" /><testcase classname="tests.test_neelam_api.TestPublicAPIs" name="test_product_search" time="0.241" /><testcase classname="tests.test_neelam_api.TestPublicAPIs" name="test_get_categories" time="0.262" /><testcase classname="tests.test_neelam_api.TestAdminAuthentication" name="test_admin_login_success" time="0.465" /><testcase classname="tests.test_neelam_api.TestAdminAuthentication" name="test_admin_login_invalid_credentials" time="0.465" /><testcase classname="tests.test_neelam_api.TestAdminAuthentication" name="test_admin_dashboard_stats" time="0.589" /><testcase classname="tests.test_neelam_api.TestAdminAuthentication" name="test_admin_categories_list" time="0.588" /><testcase classname="tests.test_neelam_api.TestAdminAuthentication" name="test_admin_orders_list" time="0.597" /><testcase classname="tests.test_neelam_api.TestOrderFlow" name="test_create_order_guest" time="0.491" /><testcase classname="tests.test_neelam_api.TestOrderFlow" name="test_get_order_by_id" time="0.771" /><testcase classname="tests.test_neelam_api.TestRazorpayIntegration" name="test_create_razorpay_order" time="1.606" /><testcase classname="tests.test_neelam_api.TestRazorpayIntegration" name="test_razorpay_order_for_nonexistent_order" time="0.319" /><testcase classname="tests.test_neelam_api.TestGuestAuthentication" name="test_guest_auth_with_phone" time="0.253" /></testsuite></testsuites>